1690534124392:help
1690534173240:example
1690534230177:help
1690534380518:example
1690534383013:help
1690534416557:example
1690534419613:parent
1690534424373:parent example
1690534447463:example
1690535104642:help
1690535151602:gender-options
1690535157993:greet
1690535174130:greet dy
1690535204771:greet d male true
1690535224395:genderOptions male
1690535455862:help
1690535466478:gender-options male
1690535490030:greet
1690538620949:example
1690538664219:help
1690538782444:example
1690538791547:parent example
1690557747268:help
1690557765076:get
1690557804235:command
1690557819275:command --arg
1690557849219:command --
1690557998897:exit
1690558020873:command --cooking
1690558061721:exit
1690558085777:command --coo
1690558095216:command --cooking
1690558128976:exit
1690558257263:command --cooking
1690558364533:exit
1690558424693:get --diy
1690558873705:exit
1690558889553:get --cooking
1690558900673:get
1690558952080:exit
1690558973592:get
1690558994769:exit
1690559010600:get
1690559014224:get --diy
1690559094454:exit
1690559112319:get --cooking
1690559137198:exit
1690559152759:get --co
1690559158775:get --busywork
1690559181655:exit
1690559198053:get --busywork
1690559216670:get --diy
1690559311748:exit
1690559335741:get --busywork
1690559349237:get --diy
1690559375484:exit
1690559433036:get --diy
1690559477923:exit
1690559497603:get --cooking
1690559542666:exit
1690559562915:get --busywork
1690559568610:get --diy
1690559575098:get
1690559647177:exit
1690559812360:get
1690559842032:exit
1690559856031:get
1690559861192:help
